[0.437s] Invoking command in '/home/shokutakahashi/ros2_ws/src/mypkg': PYTHONPATH=/home/shokutakahashi/ros2_ws/src/mypkg/install/mypkg/lib/python3.10/site-packages:${PYTHONPATH} /usr/bin/python3 setup.py egg_info --egg-base build/mypkg build --build-base /home/shokutakahashi/ros2_ws/src/mypkg/build/mypkg/build install --prefix /home/shokutakahashi/ros2_ws/src/mypkg/install/mypkg --record /home/shokutakahashi/ros2_ws/src/mypkg/build/mypkg/install.log --single-version-externally-managed
[0.582s] running egg_info
[0.583s] creating build/mypkg/mypkg.egg-info
[0.583s] writing build/mypkg/mypkg.egg-info/PKG-INFO
[0.583s] writing dependency_links to build/mypkg/mypkg.egg-info/dependency_links.txt
[0.583s] writing entry points to build/mypkg/mypkg.egg-info/entry_points.txt
[0.583s] writing requirements to build/mypkg/mypkg.egg-info/requires.txt
[0.583s] writing top-level names to build/mypkg/mypkg.egg-info/top_level.txt
[0.584s] writing manifest file 'build/mypkg/mypkg.egg-info/SOURCES.txt'
[0.585s] reading manifest file 'build/mypkg/mypkg.egg-info/SOURCES.txt'
[0.585s] writing manifest file 'build/mypkg/mypkg.egg-info/SOURCES.txt'
[0.585s] running build
[0.586s] running build_py
[0.586s] creating /home/shokutakahashi/ros2_ws/src/mypkg/build/mypkg/build
[0.586s] creating /home/shokutakahashi/ros2_ws/src/mypkg/build/mypkg/build/lib
[0.586s] creating /home/shokutakahashi/ros2_ws/src/mypkg/build/mypkg/build/lib/mypkg
[0.586s] copying mypkg/talker.py -> /home/shokutakahashi/ros2_ws/src/mypkg/build/mypkg/build/lib/mypkg
[0.587s] copying mypkg/listener.py -> /home/shokutakahashi/ros2_ws/src/mypkg/build/mypkg/build/lib/mypkg
[0.588s] copying mypkg/__init__.py -> /home/shokutakahashi/ros2_ws/src/mypkg/build/mypkg/build/lib/mypkg
[0.588s] running install
[0.589s] /usr/lib/python3/dist-packages/setuptools/command/install.py:34: SetuptoolsDeprecationWarning: setup.py install is deprecated. Use build and pip and other standards-based tools.
[0.589s]   warnings.warn(
[0.589s] running install_lib
[0.589s] creating /home/shokutakahashi/ros2_ws/src/mypkg/install/mypkg/lib/python3.10/site-packages/mypkg
[0.589s] copying /home/shokutakahashi/ros2_ws/src/mypkg/build/mypkg/build/lib/mypkg/talker.py -> /home/shokutakahashi/ros2_ws/src/mypkg/install/mypkg/lib/python3.10/site-packages/mypkg
[0.589s] copying /home/shokutakahashi/ros2_ws/src/mypkg/build/mypkg/build/lib/mypkg/listener.py -> /home/shokutakahashi/ros2_ws/src/mypkg/install/mypkg/lib/python3.10/site-packages/mypkg
[0.589s] copying /home/shokutakahashi/ros2_ws/src/mypkg/build/mypkg/build/lib/mypkg/__init__.py -> /home/shokutakahashi/ros2_ws/src/mypkg/install/mypkg/lib/python3.10/site-packages/mypkg
[0.590s] byte-compiling /home/shokutakahashi/ros2_ws/src/mypkg/install/mypkg/lib/python3.10/site-packages/mypkg/talker.py to talker.cpython-310.pyc
[0.590s] byte-compiling /home/shokutakahashi/ros2_ws/src/mypkg/install/mypkg/lib/python3.10/site-packages/mypkg/listener.py to listener.cpython-310.pyc
[0.590s] byte-compiling /home/shokutakahashi/ros2_ws/src/mypkg/install/mypkg/lib/python3.10/site-packages/mypkg/__init__.py to __init__.cpython-310.pyc
[0.590s] running install_data
[0.591s] creating /home/shokutakahashi/ros2_ws/src/mypkg/install/mypkg/share/ament_index
[0.591s] creating /home/shokutakahashi/ros2_ws/src/mypkg/install/mypkg/share/ament_index/resource_index
[0.591s] creating /home/shokutakahashi/ros2_ws/src/mypkg/install/mypkg/share/ament_index/resource_index/packages
[0.591s] copying resource/mypkg -> /home/shokutakahashi/ros2_ws/src/mypkg/install/mypkg/share/ament_index/resource_index/packages
[0.591s] copying package.xml -> /home/shokutakahashi/ros2_ws/src/mypkg/install/mypkg/share/mypkg
[0.591s] copying launch/talk_listen.launch.py -> /home/shokutakahashi/ros2_ws/src/mypkg/install/mypkg/share/mypkg
[0.592s] running install_egg_info
[0.593s] Copying build/mypkg/mypkg.egg-info to /home/shokutakahashi/ros2_ws/src/mypkg/install/mypkg/lib/python3.10/site-packages/mypkg-0.0.0-py3.10.egg-info
[0.594s] running install_scripts
[0.608s] Installing listener script to /home/shokutakahashi/ros2_ws/src/mypkg/install/mypkg/lib/mypkg
[0.608s] Installing talker script to /home/shokutakahashi/ros2_ws/src/mypkg/install/mypkg/lib/mypkg
[0.608s] writing list of installed files to '/home/shokutakahashi/ros2_ws/src/mypkg/build/mypkg/install.log'
[0.624s] Invoked command in '/home/shokutakahashi/ros2_ws/src/mypkg' returned '0': PYTHONPATH=/home/shokutakahashi/ros2_ws/src/mypkg/install/mypkg/lib/python3.10/site-packages:${PYTHONPATH} /usr/bin/python3 setup.py egg_info --egg-base build/mypkg build --build-base /home/shokutakahashi/ros2_ws/src/mypkg/build/mypkg/build install --prefix /home/shokutakahashi/ros2_ws/src/mypkg/install/mypkg --record /home/shokutakahashi/ros2_ws/src/mypkg/build/mypkg/install.log --single-version-externally-managed
